<?xml version="1.0" encoding="UTF-8"?>
<testng-results skipped="0" failed="0" ignored="0" total="1" passed="1">
  <reporter-output>
  </reporter-output>
  <suite name="com.example.TestngDemo" duration-ms="5180" started-at="2022-10-02T16:08:08Z" finished-at="2022-10-02T16:08:13Z">
    <groups>
    </groups>
    <test name="Command line test" duration-ms="5180" started-at="2022-10-02T16:08:08Z" finished-at="2022-10-02T16:08:13Z">
      <class name="com.example.TestngDemo">
        <test-method status="PASS" signature="beforeMethod()[pri:0, instance:com.example.TestngDemo@668bc3d5]" name="beforeMethod" is-config="true" duration-ms="10" started-at="2022-10-02T21:38:08Z" finished-at="2022-10-02T21:38:08Z">
          <reporter-output>
          </reporter-output>
        </test-method> <!-- beforeMethod -->
        <test-method status="PASS" signature="f()[pri:0, instance:com.example.TestngDemo@668bc3d5]" name="f" duration-ms="5131" started-at="2022-10-02T21:38:08Z" finished-at="2022-10-02T21:38:13Z">
          <reporter-output>
          </reporter-output>
        </test-method> <!-- f -->
        <test-method status="PASS" signature="afterMethod()[pri:0, instance:com.example.TestngDemo@668bc3d5]" name="afterMethod" is-config="true" duration-ms="1" started-at="2022-10-02T21:38:13Z" finished-at="2022-10-02T21:38:13Z">
          <reporter-output>
          </reporter-output>
        </test-method> <!-- afterMethod -->
      </class> <!-- com.example.TestngDemo -->
    </test> <!-- Command line test -->
  </suite> <!-- com.example.TestngDemo -->
</testng-results>
