<?xml version="1.0" encoding="UTF-8"?>
<testng-results ignored="0" total="1" passed="1" failed="0" skipped="0">
  <reporter-output>
  </reporter-output>
  <suite started-at="2022-10-02T16:27:29Z" name="com.example.TestngDemo" finished-at="2022-10-02T16:27:33Z" duration-ms="4195">
    <groups>
    </groups>
    <test started-at="2022-10-02T16:27:29Z" name="Command line test" finished-at="2022-10-02T16:27:33Z" duration-ms="4195">
      <class name="com.example.TestngDemo">
        <test-method is-config="true" signature="beforeMethod()[pri:0, instance:com.example.TestngDemo@4a22f9e2]" started-at="2022-10-02T21:57:29Z" name="beforeMethod" finished-at="2022-10-02T21:57:29Z" duration-ms="5" status="PASS">
          <reporter-output>
          </reporter-output>
        </test-method> <!-- beforeMethod -->
        <test-method signature="f()[pri:0, instance:com.example.TestngDemo@4a22f9e2]" started-at="2022-10-02T21:57:29Z" name="f" finished-at="2022-10-02T21:57:33Z" duration-ms="4158" status="PASS">
          <reporter-output>
          </reporter-output>
        </test-method> <!-- f -->
        <test-method is-config="true" signature="afterMethod()[pri:0, instance:com.example.TestngDemo@4a22f9e2]" started-at="2022-10-02T21:57:33Z" name="afterMethod" finished-at="2022-10-02T21:57:33Z" duration-ms="0" status="PASS">
          <reporter-output>
          </reporter-output>
        </test-method> <!-- afterMethod -->
      </class> <!-- com.example.TestngDemo -->
    </test> <!-- Command line test -->
  </suite> <!-- com.example.TestngDemo -->
</testng-results>
