<?xml version="1.0" encoding="UTF-8"?>
<testng-results ignored="0" total="1" passed="1" failed="0" skipped="0">
  <reporter-output>
  </reporter-output>
  <suite started-at="2022-10-02T20:49:29 IST" name="Suite" finished-at="2022-10-02T20:49:34 IST" duration-ms="5235">
    <groups>
    </groups>
    <test started-at="2022-10-02T20:49:29 IST" name="Test" finished-at="2022-10-02T20:49:34 IST" duration-ms="5235">
      <class name="com.example.TestngDemo">
        <test-method is-config="true" signature="beforeMethod()[pri:0, instance:com.example.TestngDemo@51f116b8]" started-at="2022-10-02T20:49:29 IST" name="beforeMethod" finished-at="2022-10-02T20:49:29 IST" duration-ms="10" status="PASS">
          <reporter-output>
          </reporter-output>
        </test-method> <!-- beforeMethod -->
        <test-method signature="f()[pri:0, instance:com.example.TestngDemo@51f116b8]" started-at="2022-10-02T20:49:29 IST" name="f" finished-at="2022-10-02T20:49:34 IST" duration-ms="5146" status="PASS">
          <reporter-output>
          </reporter-output>
        </test-method> <!-- f -->
        <test-method is-config="true" signature="afterMethod()[pri:0, instance:com.example.TestngDemo@51f116b8]" started-at="2022-10-02T20:49:34 IST" name="afterMethod" finished-at="2022-10-02T20:49:34 IST" duration-ms="1" status="PASS">
          <reporter-output>
          </reporter-output>
        </test-method> <!-- afterMethod -->
      </class> <!-- com.example.TestngDemo -->
    </test> <!-- Test -->
  </suite> <!-- Suite -->
</testng-results>
